FOLLOWING COLLECTION CONTAINS 1 EMBARGOES.
Provided affiliations file contains following number of affiliations 2
The following fields will not be migrated:  
<dcValue element="date" qualifier="copyright"/>
<dcValue element="relation" qualifier="project"/>
<dcValue element="description" qualifier="provenance"/>
<dcValue element="description" qualifier="sponsorship"/>
<dcValue element="description" qualifier="localcode"/>
<dcValue element="identifier" qualifier="citation"/>
<dcValue element="subject" qualifier="nsi"/>
<dcValue element="date" qualifier="created"/>
<dcValue element="date" qualifier="updated"/>
<dcValue element="date" qualifier="none"/>
<dcValue element="relation" qualifier="uri"/>
<dcValue element="date" qualifier="embargo"/>
<dcValue element="source" qualifier="none"/>
<dcValue element="creator" qualifier="none"/>
<dcValue element="format" qualifier="extent"/>
<dcValue element="format" qualifier="mimetype"/>
<dcValue element="identifier" qualifier="none"/>
<dcValue element="identifier" qualifier="other"/>
Records written to file: 1
Records removed from import because of embargo: 0
Records without errors: 1/1
FOLLOWING COLLECTION CONTAINS 1 EMBARGOES.
Affiliations failed: /brageexports/someCustomer/affiliations.txt
The following fields will not be migrated:  
<dcValue element="date" qualifier="copyright"/>
<dcValue element="relation" qualifier="project"/>
<dcValue element="description" qualifier="provenance"/>
<dcValue element="description" qualifier="sponsorship"/>
<dcValue element="description" qualifier="localcode"/>
<dcValue element="identifier" qualifier="citation"/>
<dcValue element="subject" qualifier="nsi"/>
<dcValue element="date" qualifier="created"/>
<dcValue element="date" qualifier="updated"/>
<dcValue element="date" qualifier="none"/>
<dcValue element="relation" qualifier="uri"/>
<dcValue element="date" qualifier="embargo"/>
<dcValue element="source" qualifier="none"/>
<dcValue element="creator" qualifier="none"/>
<dcValue element="format" qualifier="extent"/>
<dcValue element="format" qualifier="mimetype"/>
<dcValue element="identifier" qualifier="none"/>
<dcValue element="identifier" qualifier="other"/>
Records written to file: 1
Records removed from import because of embargo: 0
Records without errors: 1/1
FOLLOWING COLLECTION CONTAINS 1 EMBARGOES.
Provided affiliations file contains following number of affiliations 2
The following fields will not be migrated:  
<dcValue element="date" qualifier="copyright"/>
<dcValue element="relation" qualifier="project"/>
<dcValue element="description" qualifier="provenance"/>
<dcValue element="description" qualifier="sponsorship"/>
<dcValue element="description" qualifier="localcode"/>
<dcValue element="identifier" qualifier="citation"/>
<dcValue element="subject" qualifier="nsi"/>
<dcValue element="date" qualifier="created"/>
<dcValue element="date" qualifier="updated"/>
<dcValue element="date" qualifier="none"/>
<dcValue element="relation" qualifier="uri"/>
<dcValue element="date" qualifier="embargo"/>
<dcValue element="source" qualifier="none"/>
<dcValue element="creator" qualifier="none"/>
<dcValue element="format" qualifier="extent"/>
<dcValue element="format" qualifier="mimetype"/>
<dcValue element="identifier" qualifier="none"/>
<dcValue element="identifier" qualifier="other"/>
Records written to file: 1
Records removed from import because of embargo: 0
Records without errors: 1/1
FOLLOWING COLLECTION CONTAINS 1 EMBARGOES.
Provided affiliations file contains following number of affiliations 2
The following fields will not be migrated:  
<dcValue element="date" qualifier="copyright"/>
<dcValue element="relation" qualifier="project"/>
<dcValue element="description" qualifier="provenance"/>
<dcValue element="description" qualifier="sponsorship"/>
<dcValue element="description" qualifier="localcode"/>
<dcValue element="identifier" qualifier="citation"/>
<dcValue element="subject" qualifier="nsi"/>
<dcValue element="date" qualifier="created"/>
<dcValue element="date" qualifier="updated"/>
<dcValue element="date" qualifier="none"/>
<dcValue element="relation" qualifier="uri"/>
<dcValue element="date" qualifier="embargo"/>
<dcValue element="source" qualifier="none"/>
<dcValue element="creator" qualifier="none"/>
<dcValue element="format" qualifier="extent"/>
<dcValue element="format" qualifier="mimetype"/>
<dcValue element="identifier" qualifier="none"/>
<dcValue element="identifier" qualifier="other"/>
Records written to file: 1
Records removed from import because of embargo: 0
Records without errors: 1/1
